     1                                  	org 0x7c00    ;程序装载地址
     2                                  ;以下程序指明FAT12格式的软盘
     3                                  
     4 00000000 EB4E                    		jmp entry
     5 00000002 90                      		db 0x90
     6 00000003 48454C4C4F49504C        		DB		"HELLOIPL"		;启动区名称 8字节
     7 0000000B 0002                    		DW		512				;每个sector的大小 512字节
     8 0000000D 01                      		DB		1				;簇（cluster）大小 1个扇区
     9 0000000E 0100                    		DW		1				;FAT起始位置
    10 00000010 02                      		DB		2				;FAT个数
    11 00000011 E000                    		DW		224				;根目录大小
    12 00000013 400B                    		DW		2880			;磁盘大小 2880sector
    13 00000015 F0                      		DB		0xf0			;磁盘种类
    14 00000016 0900                    		DW		9				;FAT长度
    15 00000018 1200                    		DW		18				;1 track多少扇区
    16 0000001A 0200                    		DW		2				;磁头数
    17 0000001C 00000000                		DD		0				;不使用分区
    18 00000020 400B0000                		DD		2880			;重写磁盘大小
    19 00000024 000029                  		DB		0,0,0x29		;固定
    20 00000027 FFFFFFFF                		DD		0xffffffff		;卷标
    21 0000002B 536C65662D4F532020-     		DB		"Slef-OS    "	;磁盘名称 11字节
    22 00000034 2020               
    23 00000036 4641543132202020        		DB		"FAT12   "		;磁盘格式名称 8字节
    24 0000003E <res 00000012>          		RESB	18				;空18字节
    25          ******************       warning: uninitialized space declared in .text section: zeroing
    26                                  	entry:
    27 00000050 B80000                  		mov ax,0
    28 00000053 8ED0                    		mov ss,ax
    29 00000055 BC007C                  		mov sp,0x7c00
    30 00000058 8ED8                    		mov ds,ax
    31 0000005A 8EC0                    		mov es,ax
    32                                  		
    33 0000005C BE[7400]                		mov si,msg
    34                                  	putloop:
    35 0000005F 8A04                    		mov al,byte[si]
    36 00000061 83C601                  		add si,1
    37 00000064 3C00                    		cmp al,0
    38 00000066 7409                    		je fin
    39 00000068 B40E                    		mov ah,0x0e
    40 0000006A BB1500                  		mov bx,15h
    41 0000006D CD10                    		int 0x10
    42 0000006F EBEE                    		jmp putloop
    43                                  	fin:
    44 00000071 F4                      		hlt
    45 00000072 EBFD                    		jmp fin
    46                                  	msg:
    47 00000074 0A0A                    		db 0x0a,0x0a
    48 00000076 48656C6C6F2C776F72-     		db "Hello,world"
    49 0000007F 6C64               
    50 00000081 0A                      		db 0x0a
    51 00000082 00                      		db 0
    52 00000083 <res 0000017B>          	resb 0x1fe-($-$$)
    53          ******************       warning: uninitialized space declared in .text section: zeroing
    54 000001FE 55AA                    	db 0x55,0xaa		
    55                                  
    56                                  ;启动区以外的输出
    57                                  
    58 00000200 F0FFFF0000000000        		DB		0xf0, 0xff, 0xff, 0x00, 0x00, 0x00, 0x00, 0x00
    59 00000208 <res 000011F8>          		RESB	4600
    60          ******************       warning: uninitialized space declared in .text section: zeroing
    61 00001400 F0FFFF0000000000        		DB		0xf0, 0xff, 0xff, 0x00, 0x00, 0x00, 0x00, 0x00
    62 00001408 <res 00166BF8>          		RESB	1469432
    63          ******************       warning: uninitialized space declared in .text section: zeroing
    64                                  
